Compiling the CXX compiler identification source file "CMakeCXXCompilerId.cpp" failed.
Compiler: CMAKE_CXX_COMPILER-NOTFOUND 
Build flags: 
Id flags: 

The output was:
No such file or directory


Compiling the CXX compiler identification source file "CMakeCXXCompilerId.cpp" failed.
Compiler: CMAKE_CXX_COMPILER-NOTFOUND 
Build flags: 
Id flags: -c

The output was:
No such file or directory


Checking whether the CXX compiler is IAR using "" did not match "IAR .+ Compiler":
Determining if the pthread_create exist failed with the following output:
Change Dir: /home/vortex/downloads/vrxcl/CMakeFiles/CMakeTmp

Run Build Command:/usr/bin/make "cmTryCompileExec1390534396/fast"
/usr/bin/make -f CMakeFiles/cmTryCompileExec1390534396.dir/build.make CMakeFiles/cmTryCompileExec1390534396.dir/build
make[1]: Entering directory `/home/vortex/downloads/vrxcl/CMakeFiles/CMakeTmp'
/usr/bin/cmake -E cmake_progress_report /home/vortex/downloads/vrxcl/CMakeFiles/CMakeTmp/CMakeFiles 1
Building C object CMakeFiles/cmTryCompileExec1390534396.dir/CheckSymbolExists.c.o
/usr/bin/cc    -o CMakeFiles/cmTryCompileExec1390534396.dir/CheckSymbolExists.c.o   -c /home/vortex/downloads/vrxcl/CMakeFiles/CMakeTmp/CheckSymbolExists.c
Linking C executable cmTryCompileExec1390534396
/usr/bin/cmake -E cmake_link_script CMakeFiles/cmTryCompileExec1390534396.dir/link.txt --verbose=1
/usr/bin/cc       CMakeFiles/cmTryCompileExec1390534396.dir/CheckSymbolExists.c.o  -o cmTryCompileExec1390534396 -rdynamic 
CMakeFiles/cmTryCompileExec1390534396.dir/CheckSymbolExists.c.o: En la funci?n `main':
CheckSymbolExists.c:(.text+0x16): referencia a `pthread_create' sin definir
collect2: error: ld returned 1 exit status
make[1]: Leaving directory `/home/vortex/downloads/vrxcl/CMakeFiles/CMakeTmp'
make[1]: *** [cmTryCompileExec1390534396] Error 1
make: *** [cmTryCompileExec1390534396/fast] Error 2

File /home/vortex/downloads/vrxcl/CMakeFiles/CMakeTmp/CheckSymbolExists.c:
/* */
#include <pthread.h>

int main(int argc, char** argv)
{
  (void)argv;
#ifndef pthread_create
  return ((int*)(&pthread_create))[argc];
#else
  (void)argc;
  return 0;
#endif
}

Determining if the function pthread_create exists in the pthreads failed with the following output:
Change Dir: /home/vortex/downloads/vrxcl/CMakeFiles/CMakeTmp

Run Build Command:/usr/bin/make "cmTryCompileExec308091685/fast"
/usr/bin/make -f CMakeFiles/cmTryCompileExec308091685.dir/build.make CMakeFiles/cmTryCompileExec308091685.dir/build
make[1]: Entering directory `/home/vortex/downloads/vrxcl/CMakeFiles/CMakeTmp'
/usr/bin/cmake -E cmake_progress_report /home/vortex/downloads/vrxcl/CMakeFiles/CMakeTmp/CMakeFiles 1
Building C object CMakeFiles/cmTryCompileExec308091685.dir/CheckFunctionExists.c.o
/usr/bin/cc   -DCHECK_FUNCTION_EXISTS=pthread_create   -o CMakeFiles/cmTryCompileExec308091685.dir/CheckFunctionExists.c.o   -c /usr/share/cmake-2.8/Modules/CheckFunctionExists.c
Linking C executable cmTryCompileExec308091685
/usr/bin/cmake -E cmake_link_script CMakeFiles/cmTryCompileExec308091685.dir/link.txt --verbose=1
/usr/bin/cc   -DCHECK_FUNCTION_EXISTS=pthread_create    CMakeFiles/cmTryCompileExec308091685.dir/CheckFunctionExists.c.o  -o cmTryCompileExec308091685 -rdynamic -lpthreads 
/usr/bin/ld: no se puede encontrar -lpthreads
make[1]: Leaving directory `/home/vortex/downloads/vrxcl/CMakeFiles/CMakeTmp'
collect2: error: ld returned 1 exit status
make[1]: *** [cmTryCompileExec308091685] Error 1
make: *** [cmTryCompileExec308091685/fast] Error 2


Compiling the CXX compiler identification source file "CMakeCXXCompilerId.cpp" failed.
Compiler: CMAKE_CXX_COMPILER-NOTFOUND 
Build flags: 
Id flags: 

The output was:
No such file or directory


Compiling the CXX compiler identification source file "CMakeCXXCompilerId.cpp" failed.
Compiler: CMAKE_CXX_COMPILER-NOTFOUND 
Build flags: 
Id flags: -c

The output was:
No such file or directory


Checking whether the CXX compiler is IAR using "" did not match "IAR .+ Compiler":
Compiling the CXX compiler identification source file "CMakeCXXCompilerId.cpp" failed.
Compiler: CMAKE_CXX_COMPILER-NOTFOUND 
Build flags: 
Id flags: 

The output was:
No such file or directory


Compiling the CXX compiler identification source file "CMakeCXXCompilerId.cpp" failed.
Compiler: CMAKE_CXX_COMPILER-NOTFOUND 
Build flags: 
Id flags: -c

The output was:
No such file or directory


Checking whether the CXX compiler is IAR using "" did not match "IAR .+ Compiler":
Compiling the CXX compiler identification source file "CMakeCXXCompilerId.cpp" failed.
Compiler: CMAKE_CXX_COMPILER-NOTFOUND 
Build flags: 
Id flags: 

The output was:
No such file or directory


Compiling the CXX compiler identification source file "CMakeCXXCompilerId.cpp" failed.
Compiler: CMAKE_CXX_COMPILER-NOTFOUND 
Build flags: 
Id flags: -c

The output was:
No such file or directory


Checking whether the CXX compiler is IAR using "" did not match "IAR .+ Compiler":
